d:\schoolandprojects\programs\etgg 4803_02 artificial intelligence\lab 4\mastermind_solver\mastermind_solver\x64\debug\vc142.pdb
d:\schoolandprojects\programs\etgg 4803_02 artificial intelligence\lab 4\mastermind_solver\mastermind_solver\x64\debug\vc142.idb
d:\schoolandprojects\programs\etgg 4803_02 artificial intelligence\lab 4\mastermind_solver\mastermind_solver\x64\debug\mastermind.obj
d:\schoolandprojects\programs\etgg 4803_02 artificial intelligence\lab 4\mastermind_solver\mastermind_solver\x64\debug\main.obj
d:\schoolandprojects\programs\etgg 4803_02 artificial intelligence\lab 4\mastermind_solver\mastermind_solver\x64\debug\utilities.obj
d:\schoolandprojects\programs\etgg 4803_02 artificial intelligence\lab 4\mastermind_solver\x64\debug\mastermind_solver.pdb
d:\schoolandprojects\programs\etgg 4803_02 artificial intelligence\lab 4\mastermind_solver\mastermind_solver\x64\debug\mastermi.c05c9751.tlog\cl.command.1.tlog
d:\schoolandprojects\programs\etgg 4803_02 artificial intelligence\lab 4\mastermind_solver\mastermind_solver\x64\debug\mastermi.c05c9751.tlog\cl.write.1.tlog
d:\schoolandprojects\programs\etgg 4803_02 artificial intelligence\lab 4\mastermind_solver\mastermind_solver\x64\debug\mastermi.c05c9751.tlog\link-cvtres.read.1.tlog
d:\schoolandprojects\programs\etgg 4803_02 artificial intelligence\lab 4\mastermind_solver\mastermind_solver\x64\debug\mastermi.c05c9751.tlog\link-cvtres.write.1.tlog
d:\schoolandprojects\programs\etgg 4803_02 artificial intelligence\lab 4\mastermind_solver\mastermind_solver\x64\debug\mastermi.c05c9751.tlog\link-rc.read.1.tlog
d:\schoolandprojects\programs\etgg 4803_02 artificial intelligence\lab 4\mastermind_solver\mastermind_solver\x64\debug\mastermi.c05c9751.tlog\link-rc.write.1.tlog
d:\schoolandprojects\programs\etgg 4803_02 artificial intelligence\lab 4\mastermind_solver\mastermind_solver\x64\debug\mastermi.c05c9751.tlog\link.37820-cvtres.read.1.tlog
d:\schoolandprojects\programs\etgg 4803_02 artificial intelligence\lab 4\mastermind_solver\mastermind_solver\x64\debug\mastermi.c05c9751.tlog\link.37820-cvtres.write.1.tlog
d:\schoolandprojects\programs\etgg 4803_02 artificial intelligence\lab 4\mastermind_solver\mastermind_solver\x64\debug\mastermi.c05c9751.tlog\link.37820-rc.read.1.tlog
d:\schoolandprojects\programs\etgg 4803_02 artificial intelligence\lab 4\mastermind_solver\mastermind_solver\x64\debug\mastermi.c05c9751.tlog\link.37820-rc.write.1.tlog
d:\schoolandprojects\programs\etgg 4803_02 artificial intelligence\lab 4\mastermind_solver\mastermind_solver\x64\debug\mastermi.c05c9751.tlog\link.37820.read.1.tlog
d:\schoolandprojects\programs\etgg 4803_02 artificial intelligence\lab 4\mastermind_solver\mastermind_solver\x64\debug\mastermi.c05c9751.tlog\link.37820.write.1.tlog
d:\schoolandprojects\programs\etgg 4803_02 artificial intelligence\lab 4\mastermind_solver\mastermind_solver\x64\debug\mastermi.c05c9751.tlog\link.command.1.tlog
d:\schoolandprojects\programs\etgg 4803_02 artificial intelligence\lab 4\mastermind_solver\mastermind_solver\x64\debug\mastermi.c05c9751.tlog\link.read.1.tlog
d:\schoolandprojects\programs\etgg 4803_02 artificial intelligence\lab 4\mastermind_solver\mastermind_solver\x64\debug\mastermi.c05c9751.tlog\link.write.1.tlog
