  Main.cpp
D:\SchoolAndProjects\Programs\ETGG 4803_02 Artificial Intelligence\lab 5 Genetic Algorithms\Genetic Algorithms\Genetic Algorithms\src\Main.cpp(5,1): warning C4326: return type of 'main' should be 'int' instead of 'void'
  master_mind_solver.cpp
D:\SchoolAndProjects\Programs\ETGG 4803_02 Artificial Intelligence\lab 5 Genetic Algorithms\Genetic Algorithms\Genetic Algorithms\src\master_mind_solver.cpp(102,87): warning C4267: 'argument': conversion from 'size_t' to 'int', possible loss of data
D:\SchoolAndProjects\Programs\ETGG 4803_02 Artificial Intelligence\lab 5 Genetic Algorithms\Genetic Algorithms\Genetic Algorithms\src\master_mind_solver.cpp(147,79): warning C4267: 'argument': conversion from 'size_t' to 'int', possible loss of data
D:\SchoolAndProjects\Programs\ETGG 4803_02 Artificial Intelligence\lab 5 Genetic Algorithms\Genetic Algorithms\Genetic Algorithms\include\Utilities.h(300,1): warning C4267: 'argument': conversion from 'size_t' to 'int', possible loss of data
D:\SchoolAndProjects\Programs\ETGG 4803_02 Artificial Intelligence\lab 5 Genetic Algorithms\Genetic Algorithms\Genetic Algorithms\src\master_mind_solver.cpp(55): message : see reference to function template instantiation 'void Utilities::get_parent<int>(Utilities::chromosome<int> &,std::vector<int,std::allocator<int>> &,std::vector<Utilities::chromosome<int>,std::allocator<Utilities::chromosome<int>>> *,std::vector<int,std::allocator<int>> &,int,int,int,int,int,int,int,int)' being compiled
D:\SchoolAndProjects\Programs\ETGG 4803_02 Artificial Intelligence\lab 5 Genetic Algorithms\Genetic Algorithms\Genetic Algorithms\include\Utilities.h(129,1): warning C4267: 'argument': conversion from 'size_t' to 'int', possible loss of data
D:\SchoolAndProjects\Programs\ETGG 4803_02 Artificial Intelligence\lab 5 Genetic Algorithms\Genetic Algorithms\Genetic Algorithms\include\Utilities.h(300): message : see reference to function template instantiation 'T Utilities::roulette_wheel_selection<Utilities::chromosome<int>>(std::vector<Utilities::chromosome<int>,std::allocator<Utilities::chromosome<int>>>,int)' being compiled
          with
          [
              T=Utilities::chromosome<int>
          ]
D:\SchoolAndProjects\Programs\ETGG 4803_02 Artificial Intelligence\lab 5 Genetic Algorithms\Genetic Algorithms\Genetic Algorithms\src\master_mind_solver.cpp(55): message : see reference to function template instantiation 'void Utilities::get_parent<int>(Utilities::chromosome<int> &,std::vector<int,std::allocator<int>> &,std::vector<Utilities::chromosome<int>,std::allocator<Utilities::chromosome<int>>> *,std::vector<int,std::allocator<int>> &,int,int,int,int,int,int,int,int)' being compiled
D:\SchoolAndProjects\Programs\ETGG 4803_02 Artificial Intelligence\lab 5 Genetic Algorithms\Genetic Algorithms\Genetic Algorithms\include\Utilities.h(136,16): warning C4244: 'argument': conversion from 'int' to 'float', possible loss of data
D:\SchoolAndProjects\Programs\ETGG 4803_02 Artificial Intelligence\lab 5 Genetic Algorithms\Genetic Algorithms\Genetic Algorithms\include\Utilities.h(225,1): warning C4267: 'argument': conversion from 'size_t' to 'int', possible loss of data
D:\SchoolAndProjects\Programs\ETGG 4803_02 Artificial Intelligence\lab 5 Genetic Algorithms\Genetic Algorithms\Genetic Algorithms\include\Utilities.h(235): message : see reference to function template instantiation 'Utilities::chromosome<int> Utilities::create_chromosome<T>(std::vector<int,std::allocator<int>> &,std::vector<int,std::allocator<int>> &)' being compiled
          with
          [
              T=int
          ]
D:\SchoolAndProjects\Programs\ETGG 4803_02 Artificial Intelligence\lab 5 Genetic Algorithms\Genetic Algorithms\Genetic Algorithms\src\master_mind_solver.cpp(136): message : see reference to function template instantiation 'std::vector<Utilities::chromosome<int>,std::allocator<Utilities::chromosome<int>>> *Utilities::create_population<int>(std::vector<int,std::allocator<int>> &,std::vector<int,std::allocator<int>> &,int)' being compiled
  n_queens_solver.cpp
  Utilities.cpp
D:\SchoolAndProjects\Programs\ETGG 4803_02 Artificial Intelligence\lab 5 Genetic Algorithms\Genetic Algorithms\Genetic Algorithms\src\Utilities.cpp(43,22): warning C4244: 'initializing': conversion from 'double' to 'int', possible loss of data
D:\SchoolAndProjects\Programs\ETGG 4803_02 Artificial Intelligence\lab 5 Genetic Algorithms\Genetic Algorithms\Genetic Algorithms\src\Utilities.cpp(102,15): warning C4244: 'initializing': conversion from 'double' to 'int', possible loss of data
D:\SchoolAndProjects\Programs\ETGG 4803_02 Artificial Intelligence\lab 5 Genetic Algorithms\Genetic Algorithms\Genetic Algorithms\src\Utilities.cpp(157,45): warning C4267: 'initializing': conversion from 'size_t' to 'int', possible loss of data
  Generating Code...
  Genetic Algorithms.vcxproj -> D:\SchoolAndProjects\Programs\ETGG 4803_02 Artificial Intelligence\lab 5 Genetic Algorithms\Genetic Algorithms\x64\Debug\Genetic Algorithms.exe
