  bias_neuron.cpp
D:\School\Programs\ETGG 4803 Artificial Intelligence\Lab 9 Neural Network\Neural Network\Neural Network\include\neuron.h(15,27): warning C4305: 'initializing': truncation from 'double' to 'float'
D:\School\Programs\ETGG 4803 Artificial Intelligence\Lab 9 Neural Network\Neural Network\Neural Network\include\neuron.h(27,22): warning C4267: 'return': conversion from 'size_t' to 'int', possible loss of data
  hidden_neuron.cpp
D:\School\Programs\ETGG 4803 Artificial Intelligence\Lab 9 Neural Network\Neural Network\Neural Network\include\neuron.h(15,27): warning C4305: 'initializing': truncation from 'double' to 'float'
D:\School\Programs\ETGG 4803 Artificial Intelligence\Lab 9 Neural Network\Neural Network\Neural Network\include\neuron.h(27,22): warning C4267: 'return': conversion from 'size_t' to 'int', possible loss of data
  input_neuron.cpp
D:\School\Programs\ETGG 4803 Artificial Intelligence\Lab 9 Neural Network\Neural Network\Neural Network\include\neuron.h(15,27): warning C4305: 'initializing': truncation from 'double' to 'float'
D:\School\Programs\ETGG 4803 Artificial Intelligence\Lab 9 Neural Network\Neural Network\Neural Network\include\neuron.h(27,22): warning C4267: 'return': conversion from 'size_t' to 'int', possible loss of data
  main.cpp
D:\School\Programs\ETGG 4803 Artificial Intelligence\Lab 9 Neural Network\Neural Network\Neural Network\include\neuron.h(15,27): warning C4305: 'initializing': truncation from 'double' to 'float'
D:\School\Programs\ETGG 4803 Artificial Intelligence\Lab 9 Neural Network\Neural Network\Neural Network\include\neuron.h(27,22): warning C4267: 'return': conversion from 'size_t' to 'int', possible loss of data
D:\School\Programs\ETGG 4803 Artificial Intelligence\Lab 9 Neural Network\Neural Network\Neural Network\src\main.cpp(33,83): warning C4018: '<': signed/unsigned mismatch
D:\School\Programs\ETGG 4803 Artificial Intelligence\Lab 9 Neural Network\Neural Network\Neural Network\src\main.cpp(41,1): warning C4326: return type of 'main' should be 'int' instead of 'void'
D:\School\Programs\ETGG 4803 Artificial Intelligence\Lab 9 Neural Network\Neural Network\Neural Network\src\main.cpp(45,51): warning C4305: 'initializing': truncation from 'double' to '_Ty'
          with
          [
              _Ty=float
          ]
D:\School\Programs\ETGG 4803 Artificial Intelligence\Lab 9 Neural Network\Neural Network\Neural Network\src\main.cpp(53,52): warning C4305: 'initializing': truncation from 'double' to '_Ty'
          with
          [
              _Ty=float
          ]
  neural_network.cpp
D:\School\Programs\ETGG 4803 Artificial Intelligence\Lab 9 Neural Network\Neural Network\Neural Network\include\neuron.h(15,27): warning C4305: 'initializing': truncation from 'double' to 'float'
D:\School\Programs\ETGG 4803 Artificial Intelligence\Lab 9 Neural Network\Neural Network\Neural Network\include\neuron.h(27,22): warning C4267: 'return': conversion from 'size_t' to 'int', possible loss of data
D:\School\Programs\ETGG 4803 Artificial Intelligence\Lab 9 Neural Network\Neural Network\Neural Network\src\neural_network.cpp(7,20): warning C4018: '<': signed/unsigned mismatch
D:\School\Programs\ETGG 4803 Artificial Intelligence\Lab 9 Neural Network\Neural Network\Neural Network\src\neural_network.cpp(11,20): warning C4018: '<': signed/unsigned mismatch
D:\School\Programs\ETGG 4803 Artificial Intelligence\Lab 9 Neural Network\Neural Network\Neural Network\src\neural_network.cpp(15,20): warning C4018: '<': signed/unsigned mismatch
D:\School\Programs\ETGG 4803 Artificial Intelligence\Lab 9 Neural Network\Neural Network\Neural Network\src\neural_network.cpp(55,32): warning C4267: 'argument': conversion from 'size_t' to 'T', possible loss of data
          with
          [
              T=int
          ]
D:\School\Programs\ETGG 4803 Artificial Intelligence\Lab 9 Neural Network\Neural Network\Neural Network\src\neural_network.cpp(55,92): warning C4267: 'argument': conversion from 'size_t' to 'T', possible loss of data
          with
          [
              T=int
          ]
D:\School\Programs\ETGG 4803 Artificial Intelligence\Lab 9 Neural Network\Neural Network\Neural Network\src\neural_network.cpp(122,43): warning C4267: 'argument': conversion from 'size_t' to 'T', possible loss of data
          with
          [
              T=int
          ]
D:\School\Programs\ETGG 4803 Artificial Intelligence\Lab 9 Neural Network\Neural Network\Neural Network\include\neural_network.h(75,1): warning C4267: 'argument': conversion from 'size_t' to 'T', possible loss of data
          with
          [
              T=int
          ]
D:\School\Programs\ETGG 4803 Artificial Intelligence\Lab 9 Neural Network\Neural Network\Neural Network\src\neural_network.cpp(57): message : see reference to function template instantiation 'std::vector<float,std::allocator<float>> NeuralNetwork::activate_neurons<Input_Neuron>(std::vector<float,std::allocator<float>> *,std::vector<Input_Neuron *,std::allocator<Input_Neuron *>> *)' being compiled
D:\School\Programs\ETGG 4803 Artificial Intelligence\Lab 9 Neural Network\Neural Network\Neural Network\include\neural_network.h(93,1): warning C4267: 'argument': conversion from 'size_t' to 'T', possible loss of data
          with
          [
              T=int
          ]
D:\School\Programs\ETGG 4803 Artificial Intelligence\Lab 9 Neural Network\Neural Network\Neural Network\src\neural_network.cpp(59): message : see reference to function template instantiation 'void NeuralNetwork::process_layer<Input_Neuron,Hidden_Neuron>(std::vector<Input_Neuron *,std::allocator<Input_Neuron *>> *,std::vector<Hidden_Neuron *,std::allocator<Hidden_Neuron *>> *,Bias_Neuron *,std::vector<float,std::allocator<float>> *)' being compiled
D:\School\Programs\ETGG 4803 Artificial Intelligence\Lab 9 Neural Network\Neural Network\Neural Network\include\neural_network.h(106,46): warning C4244: '=': conversion from 'double' to '_Ty', possible loss of data
          with
          [
              _Ty=float
          ]
  neuron.cpp
D:\School\Programs\ETGG 4803 Artificial Intelligence\Lab 9 Neural Network\Neural Network\Neural Network\include\neuron.h(15,27): warning C4305: 'initializing': truncation from 'double' to 'float'
D:\School\Programs\ETGG 4803 Artificial Intelligence\Lab 9 Neural Network\Neural Network\Neural Network\include\neuron.h(27,22): warning C4267: 'return': conversion from 'size_t' to 'int', possible loss of data
  output_neuron.cpp
D:\School\Programs\ETGG 4803 Artificial Intelligence\Lab 9 Neural Network\Neural Network\Neural Network\include\neuron.h(15,27): warning C4305: 'initializing': truncation from 'double' to 'float'
D:\School\Programs\ETGG 4803 Artificial Intelligence\Lab 9 Neural Network\Neural Network\Neural Network\include\neuron.h(27,22): warning C4267: 'return': conversion from 'size_t' to 'int', possible loss of data
  Generating code
  77 of 496 functions (15.5%) were compiled, the rest were copied from previous compilation.
    6 functions were new in current compilation
    19 functions had inline decision re-evaluated but remain unchanged
  Finished generating code
  Neural Network.vcxproj -> D:\School\Programs\ETGG 4803 Artificial Intelligence\Lab 9 Neural Network\Neural Network\Neural Network\bin\Release\Neural Network.exe
