d:\school\programs\etgg 4803 artificial intelligence\lab 9 neural network\neural network\neural network\tmp\debug\neural network.pch
d:\school\programs\etgg 4803 artificial intelligence\lab 9 neural network\neural network\neural network\tmp\debug\vc142.pdb
d:\school\programs\etgg 4803 artificial intelligence\lab 9 neural network\neural network\neural network\tmp\debug\vc142.idb
d:\school\programs\etgg 4803 artificial intelligence\lab 9 neural network\neural network\neural network\tmp\debug\stdafx.obj
d:\school\programs\etgg 4803 artificial intelligence\lab 9 neural network\neural network\neural network\tmp\debug\output_neuron.obj
d:\school\programs\etgg 4803 artificial intelligence\lab 9 neural network\neural network\neural network\tmp\debug\neuron.obj
d:\school\programs\etgg 4803 artificial intelligence\lab 9 neural network\neural network\neural network\tmp\debug\input_neuron.obj
d:\school\programs\etgg 4803 artificial intelligence\lab 9 neural network\neural network\neural network\tmp\debug\hidden_neuron.obj
d:\school\programs\etgg 4803 artificial intelligence\lab 9 neural network\neural network\neural network\tmp\debug\bias_neuron.obj
d:\school\programs\etgg 4803 artificial intelligence\lab 9 neural network\neural network\neural network\tmp\debug\utilities.obj
d:\school\programs\etgg 4803 artificial intelligence\lab 9 neural network\neural network\neural network\tmp\debug\neural_network.obj
d:\school\programs\etgg 4803 artificial intelligence\lab 9 neural network\neural network\neural network\tmp\debug\main.obj
d:\school\programs\etgg 4803 artificial intelligence\lab 9 neural network\neural network\neural network\bin\debug\neural network.exe
d:\school\programs\etgg 4803 artificial intelligence\lab 9 neural network\neural network\neural network\bin\debug\neural network.ilk
d:\school\programs\etgg 4803 artificial intelligence\lab 9 neural network\neural network\neural network\bin\debug\neural network.pdb
d:\school\programs\etgg 4803 artificial intelligence\lab 9 neural network\neural network\neural network\tmp\debug\neural network.tlog\cl.command.1.tlog
d:\school\programs\etgg 4803 artificial intelligence\lab 9 neural network\neural network\neural network\tmp\debug\neural network.tlog\cl.read.1.tlog
d:\school\programs\etgg 4803 artificial intelligence\lab 9 neural network\neural network\neural network\tmp\debug\neural network.tlog\cl.write.1.tlog
d:\school\programs\etgg 4803 artificial intelligence\lab 9 neural network\neural network\neural network\tmp\debug\neural network.tlog\link.command.1.tlog
d:\school\programs\etgg 4803 artificial intelligence\lab 9 neural network\neural network\neural network\tmp\debug\neural network.tlog\link.read.1.tlog
d:\school\programs\etgg 4803 artificial intelligence\lab 9 neural network\neural network\neural network\tmp\debug\neural network.tlog\link.write.1.tlog
